#0 building with "default" instance using docker driver

#1 [web internal] load build definition from Dockerfile
#1 transferring dockerfile: 312B done
#1 DONE 0.1s

#2 [web internal] load metadata for docker.io/library/python:3.12-alpine
#2 DONE 3.7s

#3 [web internal] load .dockerignore
#3 transferring context: 2B done
#3 DONE 0.1s

#4 [web internal] load build context
#4 transferring context: 978B 0.0s done
#4 DONE 0.1s

#5 [web 1/6] FROM docker.io/library/python:3.12-alpine@sha256:68d81cd281ee785f48cdadecb6130d05ec6957f1249814570dc90e5100d3b146
#5 resolve docker.io/library/python:3.12-alpine@sha256:68d81cd281ee785f48cdadecb6130d05ec6957f1249814570dc90e5100d3b146 0.1s done
#5 sha256:522560f13f9b6e5e1b90169cfa788974874e2ec5c0e9eee9b9eae3c626174872 0B / 13.74MB 0.1s
#5 sha256:68d81cd281ee785f48cdadecb6130d05ec6957f1249814570dc90e5100d3b146 10.30kB / 10.30kB done
#5 sha256:066af511e31978481d7ecc70f982b6129fcbe6bc8f7387506df84624524b2e27 1.74kB / 1.74kB done
#5 sha256:c13a206352419c052924802b0003c04bf69460821f3ae777fcb7c94f3154e4e1 5.44kB / 5.44kB done
#5 sha256:9e47427452791717fcda9c9ec0b4604ab248f09e9b4ceaff60b3330825fa0f4f 0B / 460.94kB 0.1s
#5 sha256:a4581c766c382acb3694f44b681cd46ad09be1dc1be0557464aa821a7ca2057f 0B / 250B 0.3s
#5 sha256:9e47427452791717fcda9c9ec0b4604ab248f09e9b4ceaff60b3330825fa0f4f 460.94kB / 460.94kB 1.1s done
#5 extracting sha256:9e47427452791717fcda9c9ec0b4604ab248f09e9b4ceaff60b3330825fa0f4f 0.1s
#5 sha256:a4581c766c382acb3694f44b681cd46ad09be1dc1be0557464aa821a7ca2057f 250B / 250B 1.3s done
#5 extracting sha256:9e47427452791717fcda9c9ec0b4604ab248f09e9b4ceaff60b3330825fa0f4f 0.3s done
#5 sha256:522560f13f9b6e5e1b90169cfa788974874e2ec5c0e9eee9b9eae3c626174872 1.05MB / 13.74MB 1.8s
#5 sha256:522560f13f9b6e5e1b90169cfa788974874e2ec5c0e9eee9b9eae3c626174872 4.19MB / 13.74MB 1.9s
#5 sha256:522560f13f9b6e5e1b90169cfa788974874e2ec5c0e9eee9b9eae3c626174872 6.29MB / 13.74MB 2.0s
#5 sha256:522560f13f9b6e5e1b90169cfa788974874e2ec5c0e9eee9b9eae3c626174872 8.39MB / 13.74MB 2.1s
#5 sha256:522560f13f9b6e5e1b90169cfa788974874e2ec5c0e9eee9b9eae3c626174872 13.74MB / 13.74MB 2.2s
#5 sha256:522560f13f9b6e5e1b90169cfa788974874e2ec5c0e9eee9b9eae3c626174872 13.74MB / 13.74MB 2.2s done
#5 extracting sha256:522560f13f9b6e5e1b90169cfa788974874e2ec5c0e9eee9b9eae3c626174872 0.1s
#5 extracting sha256:522560f13f9b6e5e1b90169cfa788974874e2ec5c0e9eee9b9eae3c626174872 2.1s done
#5 extracting sha256:a4581c766c382acb3694f44b681cd46ad09be1dc1be0557464aa821a7ca2057f
#5 extracting sha256:a4581c766c382acb3694f44b681cd46ad09be1dc1be0557464aa821a7ca2057f done
#5 DONE 4.9s

#6 [web 2/6] WORKDIR /code
#6 DONE 0.5s

#7 [web 3/6] RUN apk add --no-cache gcc musl-dev linux-headers
#7 2.467 ( 1/14) Installing libgcc (15.2.0-r2)
#7 2.573 ( 2/14) Installing jansson (2.14.1-r0)
#7 2.661 ( 3/14) Installing libstdc++ (15.2.0-r2)
#7 2.812 ( 4/14) Installing zstd-libs (1.5.7-r2)
#7 2.926 ( 5/14) Installing binutils (2.45.1-r0)
#7 3.295 ( 6/14) Installing libgomp (15.2.0-r2)
#7 3.391 ( 7/14) Installing libatomic (15.2.0-r2)
#7 3.476 ( 8/14) Installing gmp (6.3.0-r4)
#7 3.570 ( 9/14) Installing isl26 (0.26-r1)
#7 3.706 (10/14) Installing mpfr4 (4.2.2-r0)
#7 3.809 (11/14) Installing mpc1 (1.3.1-r1)
#7 3.897 (12/14) Installing gcc (15.2.0-r2)
#7 8.328 (13/14) Installing linux-headers (6.16.12-r0)
#7 8.781 (14/14) Installing musl-dev (1.2.5-r21)
#7 9.104 Executing busybox-1.37.0-r30.trigger
#7 9.129 OK: 209.1 MiB in 52 packages
#7 DONE 9.6s

#8 [web 4/6] COPY requirements.txt requirements.txt
#8 DONE 0.1s

#9 [web 5/6] RUN pip install -r requirements.txt
#9 5.497 Collecting flask==3.0.3 (from -r requirements.txt (line 1))
#9 6.193   Downloading flask-3.0.3-py3-none-any.whl.metadata (3.2 kB)
#9 6.431 Collecting redis==5.0.8 (from -r requirements.txt (line 2))
#9 6.621   Downloading redis-5.0.8-py3-none-any.whl.metadata (9.2 kB)
#9 6.817 Collecting prometheus_client==0.20.0 (from -r requirements.txt (line 3))
#9 6.906   Downloading prometheus_client-0.20.0-py3-none-any.whl.metadata (1.8 kB)
#9 7.113 Collecting Werkzeug>=3.0.0 (from flask==3.0.3->-r requirements.txt (line 1))
#9 7.209   Downloading werkzeug-3.1.5-py3-none-any.whl.metadata (4.0 kB)
#9 7.362 Collecting Jinja2>=3.1.2 (from flask==3.0.3->-r requirements.txt (line 1))
#9 7.454   Downloading jinja2-3.1.6-py3-none-any.whl.metadata (2.9 kB)
#9 7.595 Collecting itsdangerous>=2.1.2 (from flask==3.0.3->-r requirements.txt (line 1))
#9 7.687   Downloading itsdangerous-2.2.0-py3-none-any.whl.metadata (1.9 kB)
#9 7.874 Collecting click>=8.1.3 (from flask==3.0.3->-r requirements.txt (line 1))
#9 7.963   Downloading click-8.3.1-py3-none-any.whl.metadata (2.6 kB)
#9 8.127 Collecting blinker>=1.6.2 (from flask==3.0.3->-r requirements.txt (line 1))
#9 8.229   Downloading blinker-1.9.0-py3-none-any.whl.metadata (1.6 kB)
#9 8.606 Collecting MarkupSafe>=2.0 (from Jinja2>=3.1.2->flask==3.0.3->-r requirements.txt (line 1))
#9 8.696   Downloading markupsafe-3.0.3-cp312-cp312-musllinux_1_2_x86_64.whl.metadata (2.7 kB)
#9 8.823 Downloading flask-3.0.3-py3-none-any.whl (101 kB)
#9 9.108 Downloading redis-5.0.8-py3-none-any.whl (255 kB)
#9 9.357 Downloading prometheus_client-0.20.0-py3-none-any.whl (54 kB)
#9 9.504 Downloading blinker-1.9.0-py3-none-any.whl (8.5 kB)
#9 9.619 Downloading click-8.3.1-py3-none-any.whl (108 kB)
#9 9.736 Downloading itsdangerous-2.2.0-py3-none-any.whl (16 kB)
#9 9.851 Downloading jinja2-3.1.6-py3-none-any.whl (134 kB)
#9 9.971 Downloading werkzeug-3.1.5-py3-none-any.whl (225 kB)
#9 10.13 Downloading markupsafe-3.0.3-cp312-cp312-musllinux_1_2_x86_64.whl (23 kB)
#9 10.22 Installing collected packages: redis, prometheus_client, MarkupSafe, itsdangerous, click, blinker, Werkzeug, Jinja2, flask
#9 12.35 Successfully installed Jinja2-3.1.6 MarkupSafe-3.0.3 Werkzeug-3.1.5 blinker-1.9.0 click-8.3.1 flask-3.0.3 itsdangerous-2.2.0 prometheus_client-0.20.0 redis-5.0.8
#9 12.35 WARNING: Running pip as the 'root' user can result in broken permissions and conflicting behaviour with the system package manager, possibly rendering your system unusable. It is recommended to use a virtual environment instead: https://pip.pypa.io/warnings/venv. Use the --root-user-action option if you know what you are doing and want to suppress this warning.
#9 13.22 
#9 13.22 [notice] A new release of pip is available: 25.0.1 -> 25.3
#9 13.22 [notice] To update, run: pip install --upgrade pip
#9 DONE 13.5s

#10 [web 6/6] COPY app.py .
#10 DONE 0.2s

#11 [web] exporting to image
#11 exporting layers
#11 exporting layers 0.8s done
#11 writing image sha256:f852ee61aae6dfd3ac759e75985bce63738ddbd7ac20d5b6528a3a0dc2d60889
#11 writing image sha256:f852ee61aae6dfd3ac759e75985bce63738ddbd7ac20d5b6528a3a0dc2d60889 done
#11 naming to docker.io/library/flask_redis-web 0.0s done
#11 DONE 0.9s

#12 [web] resolving provenance for metadata file
#12 DONE 0.0s
